Clima-Flutter-master/build/app/intermediates/manifest_merge_blame_file/debug/manifest-merger-blame-debug-report.txt
1<?xml version="1.0" encoding="utf-8"?>
2<manifest xmlns:android="http://schemas.android.com/apk/res/android"
3    package="co.appbrewery.clima"
4    android:versionCode="1"
5    android:versionName="1.0.0" >
6
7    <uses-sdk
8        android:minSdkVersion="16"
9        android:targetSdkVersion="29" />
10    <!--
11         Flutter needs it to communicate with the running application
12         to allow setting breakpoints, to provide hot reload, etc.
13    -->
14    <uses-permission android:name="android.permission.INTERNET" />
14-->src\debug\AndroidManifest.xml:6:5-66
14-->src\debug\AndroidManifest.xml:6:22-64
15
16    <!--
17     io.flutter.app.FlutterApplication is an android.app.Application that
18         calls FlutterMain.startInitialization(this); in its onCreate method.
19         In most cases you can leave this as-is, but you if you want to provide
20         additional functionality it is fine to subclass or reimplement
21         FlutterApplication and put your custom class here.
22    -->
23    <uses-permission android:name="android.permission.ACCESS_FINE_LOCATION" />
23-->src\main\AndroidManifest.xml:10:5-79
23-->src\main\AndroidManifest.xml:10:22-76
24    <uses-permission android:name="android.permission.ACCESS_COARSE_LOCATION" />
24-->src\main\AndroidManifest.xml:11:5-81
24-->src\main\AndroidManifest.xml:11:22-78
25    <uses-permission android:name="android.permission.ACCESS_BACKGROUND_LOCATION" />
25-->src\main\AndroidManifest.xml:12:5-84
25-->src\main\AndroidManifest.xml:12:22-82
26
27    <application
27-->src\main\AndroidManifest.xml:13:5-36:19
28        android:name="io.flutter.app.FlutterApplication"
28-->src\main\AndroidManifest.xml:14:9-57
29        android:appComponentFactory="androidx.core.app.CoreComponentFactory"
29-->[androidx.core:core:1.1.0] AndroidManifest.xml:24:18-86
30        android:debuggable="true"
31        android:icon="@mipmap/ic_launcher"
31-->src\main\AndroidManifest.xml:16:9-43
32        android:label="clima"
32-->src\main\AndroidManifest.xml:15:9-30
33        android:usesCleartextTraffic="true" >
33-->src\debug\AndroidManifest.xml:7:18-53
34        <activity
34-->src\main\AndroidManifest.xml:17:9-35:20
35            android:name="co.appbrewery.clima.MainActivity"
35-->src\main\AndroidManifest.xml:18:13-41
36            android:configChanges="orientation|keyboardHidden|keyboard|screenSize|locale|layoutDirection|fontScale|screenLayout|density|uiMode"
36-->src\main\AndroidManifest.xml:21:13-144
37            android:hardwareAccelerated="true"
37-->src\main\AndroidManifest.xml:22:13-47
38            android:launchMode="singleTop"
38-->src\main\AndroidManifest.xml:19:13-43
39            android:theme="@style/LaunchTheme"
39-->src\main\AndroidManifest.xml:20:13-47
40            android:windowSoftInputMode="adjustResize" >
40-->src\main\AndroidManifest.xml:23:13-55
41
42            <!--
43                 This keeps the window background of the activity showing
44                 until Flutter renders its first frame. It can be removed if
45                 there is no splash screen (such as the default splash screen
46                 defined in @style/LaunchTheme).
47            -->
48            <meta-data
48-->src\main\AndroidManifest.xml:28:13-30:40
49                android:name="io.flutter.app.android.SplashScreenUntilFirstFrame"
49-->src\main\AndroidManifest.xml:29:17-82
50                android:value="true" />
50-->src\main\AndroidManifest.xml:30:17-37
51
52            <intent-filter>
52-->src\main\AndroidManifest.xml:31:13-34:29
53                <action android:name="android.intent.action.MAIN" />
53-->src\main\AndroidManifest.xml:32:17-68
53-->src\main\AndroidManifest.xml:32:25-66
54
55                <category android:name="android.intent.category.LAUNCHER" />
55-->src\main\AndroidManifest.xml:33:17-76
55-->src\main\AndroidManifest.xml:33:27-74
56            </intent-filter>
57        </activity>
58        <activity
58-->[com.google.android.gms:play-services-base:17.0.0] AndroidManifest.xml:23:9-26:75
59            android:name="com.google.android.gms.common.api.GoogleApiActivity"
59-->[com.google.android.gms:play-services-base:17.0.0] AndroidManifest.xml:24:13-79
60            android:exported="false"
60-->[com.google.android.gms:play-services-base:17.0.0] AndroidManifest.xml:25:13-37
61            android:theme="@android:style/Theme.Translucent.NoTitleBar" />
61-->[com.google.android.gms:play-services-base:17.0.0] AndroidManifest.xml:26:13-72
62
63        <meta-data
63-->[com.google.android.gms:play-services-basement:17.0.0] AndroidManifest.xml:23:9-25:69
64            android:name="com.google.android.gms.version"
64-->[com.google.android.gms:play-services-basement:17.0.0] AndroidManifest.xml:24:13-58
65            android:value="@integer/google_play_services_version" />
65-->[com.google.android.gms:play-services-basement:17.0.0] AndroidManifest.xml:25:13-66
66    </application>
67
68</manifest>